gpg-pubkey-350d275d-6279464b 1652115019 0 (none) installed
libgcc-11.5.0-5.el9_5.x86_64 1739365842 198756 b8715b9d1f4d8256c12366f1db362af8 installed
perl-srpm-macros-1-41.el9.noarch 1652557781 862 52f1bf91c8b58cea8094d6e3be4c7f0e installed
ocaml-srpm-macros-6-6.el9.noarch 1652800868 745 73be47bd06ff2934c420576ab4426d56 installed
rust-srpm-macros-17-4.el9.noarch 1652267604 2447 f473eb960de326eea8285ce84d1e7972 installed
openblas-srpm-macros-2-11.el9.noarch 1652484909 104 d4f8d1073512b1b0c44f95a04285ce97 installed
ghc-srpm-macros-1.5.0-6.el9.noarch 1652267567 535 71fed58726c9a4e11b4ca5eeec6adfe4 installed
qt5-srpm-macros-5.15.9-1.el9.noarch 1698510920 492 f878432102092d87bbdbb2e936f8378b installed
publicsuffix-list-dafsa-20210518-3.el9.noarch 1652444449 68815 d1ed826a6c010597e8edb6dc130b0901 installed
pkgconf-m4-1.7.3-10.el9.noarch 1681536714 14187 12b061c94e3a733e9c1e8921ea590501 installed
pcre2-syntax-10.40-6.el9.noarch 1730814444 234324 10212dbd923fec1f2151d4ef16754dc3 installed
coreutils-common-8.32-39.el9.x86_64 1746174598 10880476 ecbe915007226780e3481fb1423dd4f6 installed
ncurses-base-6.2-10.20210508.el9_6.2.noarch 1754421487 307293 c680a5a269101bc6cd8556317a3916e3 installed
libssh-config-0.10.4-13.el9.noarch 1713763564 277 bff578f15ac2198c74043e3cf19c8c31 installed
tzdata-2025b-1.el9.noarch 1743436083 1664708 792dbdad973937bf25e41e1ec851c36e installed
rocky-gpg-keys-9.6-1.3.el9.noarch 1747451325 4909 90f357eafff02129ffc37d3355b94f90 installed
rocky-release-9.6-1.3.el9.noarch 1747451325 22628 1216c76861a58076f6337bc2a2d84b3e installed
rocky-repos-9.6-1.3.el9.noarch 1747451325 15811 b9c2240b3f2f75266170c7163270d0fe installed
setup-2.13.7-10.el9.noarch 1712520949 725932 69bddb22c48ee24373556f12566c97fe installed
filesystem-3.16-5.el9.x86_64 1730597381 106 7306685389960cd7154aa097b83c47ce installed
basesystem-11-13.el9.0.1.noarch 1709228238 0 f879a2f8e19c7d73507d01111e899ca0 installed
glibc-minimal-langpack-2.34-168.el9_6.23.x86_64 1754349999 0 a239d9c5959d46ffcd0d5a5ebd63f3b1 installed
glibc-gconv-extra-2.34-168.el9_6.23.x86_64 1754349999 8122908 422e32d17770a3c48b0d7303e36934f3 installed
ncurses-libs-6.2-10.20210508.el9_6.2.x86_64 1754421487 994463 3c08785d84a5555b85ac333773dd8d0f installed
glibc-2.34-168.el9_6.23.x86_64 1754349999 6417099 53b7574d191745f232db7849be031c74 installed
bash-5.1.8-9.el9.x86_64 1714476567 7738730 5d975b56a64ca3b035f8191eba908139 installed
glibc-common-2.34-168.el9_6.23.x86_64 1754349999 1081382 c0e8a62a27f2da5dc4db8b044527bd64 installed
zlib-1.2.11-40.el9.x86_64 1698484642 202921 769b855a81f624aff2c4d5d5f7b85874 installed
xz-libs-5.2.5-8.el9_0.x86_64 1655269093 181573 078cdcb6e241d5bae897e8ffbe5abc12 installed
bzip2-libs-1.0.8-10.el9_5.x86_64 1738673301 78228 105251a34ba7200503c7b1719488abca installed
libzstd-1.5.5-1.el9.x86_64 1745698543 773750 83f03d9173837806c24c1debe0c19430 installed
elfutils-libelf-0.192-6.el9_6.x86_64 1750784808 1219968 4f56a53ad1219e5402268f2673fb8107 installed
libstdc++-11.5.0-5.el9_5.x86_64 1739365842 2537774 c167b494caa6a816185b4770f3fa3bc0 installed
libxcrypt-4.4.18-3.el9.x86_64 1653510262 270716 009b94ca2e493d96aa69f2cf33ea75bc installed
libuuid-2.37.4-21.el9.x86_64 1746253717 37997 50b6a299a9783443ac460707584eac4b installed
popt-1.18-8.el9.x86_64 1652704144 130376 c6ee753abf2608135eef84c6543c4713 installed
libattr-2.5.1-3.el9.x86_64 1653510145 29445 1592052a48688a467ac8c10809b4c1e9 installed
libacl-2.3.1-4.el9.x86_64 1712682705 40674 5fde7da3b371015dd2e8ff6378b3e9fb installed
gmp-1:6.2.0-13.el9.x86_64 1699048080 816844 774609cd79716dc0d9b8d99d2db05d5b installed
libcap-2.48-9.el9_2.x86_64 1695148324 177463 b9b4a15cb629f218f5289b0d23d818f9 installed
crypto-policies-20250128-1.git5269e22.el9.noarch 1745474385 91854 493fd8e85ff1fb6015ebdfb54eef7cc6 installed
libcom_err-1.46.5-7.el9.x86_64 1746310875 68401 10dc1f5a30be501fe3ae1e369d06f576 installed
lz4-libs-1.9.3-5.el9.x86_64 1652703415 145507 cfdb2734e4e037ef811fa970b2a41ddd installed
readline-8.1-4.el9.x86_64 1652703611 492900 66ec97b30c4ebb8b6e3cd340d919dcd3 installed
mpfr-4.1.0-7.el9.x86_64 1653510195 802587 74619be075ab6bbc6f6f3eb27869ac7e installed
dwz-0.14-3.el9.x86_64 1653510016 281782 fec391e14ef27979b4a5fe5393ebeeb1 installed
unzip-6.0-58.el9_5.x86_64 1742301778 399051 098b56c5707f48e1853130fe8bbd0442 installed
sqlite-libs-3.34.1-8.el9_6.x86_64 1753739100 1310864 c3e8763dead583565f9e39a065e6546b installed
file-libs-5.39-16.el9.x86_64 1713229404 8086748 8a6abd7e8541ba109fc0feec729f6280 installed
file-5.39-16.el9.x86_64 1713229404 102664 4a8b0de2bef2340189fb3e64f8cfe0e8 installed
lua-libs-5.4.4-4.el9.x86_64 1697607316 287323 32deba31381adab09c4376aa86a7f2f5 installed
libtasn1-4.16.0-9.el9.x86_64 1746407351 183364 8e066650d1ba8c35354d80f422fbb9d4 installed
libunistring-0.9.10-15.el9.x86_64 1652703686 1643051 354dedb80398de4afb10e8e3806bc5da installed
libidn2-2.3.0-7.el9.x86_64 1652703429 253476 b212886c674f27c872317e6ee6855977 installed
libsigsegv-2.13-4.el9.x86_64 1652567842 50354 06625e6afe8f42ae91ba0e98dfa9e222 installed
gawk-5.1.0-6.el9.x86_64 1652446843 1685670 6a721f681e66961ab13ef1288f028e22 installed
libsmartcols-2.37.4-21.el9.x86_64 1746253717 134779 3dac357ca9c983f90f77f8f4609a7342 installed
libsepol-3.6-2.el9.x86_64 1745443257 829131 2c43065670984888e4f53eb8542c041a installed
libcap-ng-0.8.2-7.el9.x86_64 1652703377 75196 45dc2b2ff774e4f4e94f7c354dd56e74 installed
audit-libs-3.1.5-4.el9.x86_64 1746334671 338481 8a1c9230cbacd540d998049d727fda95 installed
alternatives-1.24-2.el9.x86_64 1745625881 63313 5832caf6730301817da8e513d9fca84f installed
libpsl-0.21.1-5.el9.x86_64 1653510225 78616 cc480e6508a7637917397ee92fede3a0 installed
zip-3.0-35.el9.x86_64 1682535986 741151 12a2063a23942b9626bc54af762d1769 installed
zstd-1.5.5-1.el9.x86_64 1745698543 1672453 9bf8ac4e16254ef48a77dcaf3af5ff8d installed
groff-base-1.22.4-10.el9.x86_64 1652712412 4040406 b3cf69de02fcebc8ae460f871b3efde4 installed
bzip2-1.0.8-10.el9_5.x86_64 1738673301 95088 61ee3f020508b2ba1c2c910d786365b9 installed
libxml2-2.9.13-12.el9_6.x86_64 1754577955 1955140 5d28a53554f90e34ecb30e0dea4f55e9 installed
info-6.7-15.el9.x86_64 1652703914 508027 9065cd2c5f7bf7c4203969e66fe0f4fe installed
ed-1.14.2-12.el9.x86_64 1652567904 129931 19769aef4345277f58192dedc6418bfc installed
elfutils-default-yama-scope-0.192-6.el9_6.noarch 1750784808 1810 c2d07047090e054c2e7ce0e03e2b1a09 installed
elfutils-libs-0.192-6.el9_6.x86_64 1750784808 734917 f8f9613394cab9b99922c58d9857d52b installed
libffi-3.4.2-8.el9.x86_64 1698571420 65761 67a9fdf44690673ca2034843b2459a18 installed
p11-kit-0.25.3-3.el9_5.x86_64 1734466104 2530659 bd2aaa574f26d49d8699711ca9befc0a installed
p11-kit-trust-0.25.3-3.el9_5.x86_64 1734466104 478116 2dfd361825d159f907ba4294ea187ee8 installed
libtool-ltdl-2.4.6-46.el9.x86_64 1730750162 71568 4333a6ae7619c1298d558871703f1d5b installed
libbrotli-1.0.9-7.el9_5.x86_64 1734471690 782506 631638f7c891a89ddf577f799a0ca2cc installed
keyutils-libs-1.6.3-1.el9.x86_64 1681766930 55267 b280a8e5cca83fc5e3df0704a38e180f installed
ncurses-6.2-10.20210508.el9_6.2.x86_64 1754421487 624716 2fca21deda995b1a7bdb19a395a70e90 installed
libnghttp2-1.43.0-6.el9.x86_64 1730634531 169892 d9e0dd70c13cd43a8bf65d1987cf8a92 installed
cpio-2.13-16.el9.x86_64 1652704061 1088176 92b5a0e69a90cb4cdd561954ef2f92e6 installed
libgpg-error-1.42-5.el9.x86_64 1653510224 837056 99c44f4fadc8f9a9103d47e9b21d2620 installed
libgcrypt-1.10.0-11.el9.x86_64 1730827001 1398386 ffb8d9ceca3acfe65d9a6b63bec43c7d installed
libpkgconf-1.7.3-10.el9.x86_64 1681536714 75425 5d8bf5d30b338e5cddf9ac38db81428b installed
pkgconf-1.7.3-10.el9.x86_64 1681536714 77890 6d4afc2fa1090836b5e24e8ab21be4a6 installed
pkgconf-pkg-config-1.7.3-10.el9.x86_64 1681536714 1203 22a1213f2869406a12ca4174b5dd103e installed
pcre2-10.40-6.el9.x86_64 1730814444 652282 c8398a0fca8168e4647c255f832ee865 installed
libselinux-3.6-3.el9.x86_64 1745448387 176733 15b7329babbe9bf9e9b4c4c8a0f7fd8c installed
sed-4.8-9.el9.x86_64 1652712399 813607 415f8fb73ee020b229344cba9cfc297d installed
findutils-1:4.8.0-7.el9.x86_64 1730774702 1757014 ef5887254f0c0875fa3f2490f8a4f859 installed
tar-2:1.34-7.el9.x86_64 1730909984 3155451 18b5456e727fdcef81131814a2110d8e installed
libsemanage-3.6-5.el9_6.x86_64 1745449163 307182 31d26d29f5b1c9ba079fb35c73aa1615 installed
shadow-utils-2:4.9-12.el9.x86_64 1745722070 3812565 9be24f45404f2056f1ad0296f153ea21 installed
libutempter-1.2.1-6.el9.x86_64 1652703699 59433 c8a01f5605facb680c8781954f73e338 installed
patch-2.7.6-16.el9.x86_64 1652704128 265546 bdfc6d2c361a1fc7c381fea53c0a76ac installed
gdbm-libs-1:1.23-1.el9.x86_64 1730633640 128586 2e41ba837321388b4083b00cf1b13c2d installed
pcre-8.44-4.el9.x86_64 1730670020 537720 765a3e0316de46e3db520b432fa941ac installed
grep-3.6-5.el9.x86_64 1652712553 857864 98d808fd3d09606215d7de3258c9f1a9 installed
openssl-libs-1:3.2.2-6.el9_5.1.x86_64 1739303887 8784066 b9a9413e276952e6b1e1fbabf6e0c2fe installed
coreutils-8.32-39.el9.x86_64 1746174598 5966226 0a42e50672f4f3aba4d9820e05b8ca43 installed
ca-certificates-2024.2.69_v8.0.303-91.4.el9_4.noarch 1724259362 2698659 afafd3dc4333f572297a30d065026b7a installed
libblkid-2.37.4-21.el9.x86_64 1746253717 229729 e092fc5bdc81617d55ab24489d8957a7 installed
libmount-2.37.4-21.el9.x86_64 1746253717 318317 afc94868e5de405c63242a6a40579ab0 installed
systemd-libs-252-51.el9_6.2.x86_64 1758041651 1814752 6731ec7a07062c2906d09f9c24973f7e installed
gzip-1.12-1.el9.x86_64 1667088950 377005 c3b6a711959934acd5bde6ee77091d4f installed
cracklib-2.9.6-27.el9.x86_64 1654018888 251890 9e558ac1727da7b9f6ecabf18a83daa1 installed
libarchive-3.5.3-6.el9_6.x86_64 1755683825 906150 a703c2fcf15e91c0440a636b5fd70a22 installed
xz-5.2.5-8.el9_0.x86_64 1655269093 685931 32384d0037322e70b1394d34df5d71ab installed
cracklib-dicts-2.9.6-27.el9.x86_64 1654018888 9815154 12acec65b7f9b7b688070dc47712c208 installed
util-linux-core-2.37.4-21.el9.x86_64 1746253717 1262687 0e04dbc1cc729556eedf298d225df816 installed
libfdisk-2.37.4-21.el9.x86_64 1746253717 367763 da1114048c31051ed76a5ec362082576 installed
perl-Digest-1.19-4.el9.noarch 1652703818 36844 7acf0ce5dacda32faa23b7d43301750b installed
perl-Digest-MD5-2.58-4.el9.x86_64 1652703781 61530 12bfc64ff312fa435f1de2e068508db2 installed
perl-B-0:1.80-481.1.el9_6.x86_64 1753721386 504453 1f57a1daef3fb85121f91964a3bc994d installed
perl-FileHandle-0:2.03-481.1.el9_6.noarch 1753721386 10531 fd3dc680472d27cf02d7494179784cb3 installed
perl-Data-Dumper-2.174-462.el9.x86_64 1652703890 111885 3aa2e656fe92cf1ed66d60f77aea3fce installed
perl-libnet-3.13-4.el9.noarch 1652267711 299357 5cad22704f22db0d115e4f8d698810a0 installed
perl-base-0:2.27-481.1.el9_6.noarch 1753721386 13820 1d86694e12c93a8738a175f1c779e6f6 installed
perl-AutoLoader-0:5.74-481.1.el9_6.noarch 1753721386 22038 9f58c103fadd4368a4dd443b16843642 installed
perl-URI-5.09-3.el9.noarch 1652704129 216915 1d512155a3508e84fba3d011462e50bc installed
perl-if-0:0.60.800-481.1.el9_6.noarch 1753721386 6875 38aef3b2cf57f279e2a6661c03b656a1 installed
perl-Pod-Escapes-1:1.07-460.el9.noarch 1652704129 25764 bc30ec7f10e23f50a4e6b4a2a232bc7b installed
perl-Text-Tabs+Wrap-2013.0523-460.el9.noarch 1652703807 24828 6038ed059fb2e061a8f24754e6d59676 installed
perl-Net-SSLeay-1.94-1.el9.x86_64 1730760262 1520554 6136bbc16bd1611b290226c1c05b5b25 installed
perl-File-Path-2.18-4.el9.noarch 1652267626 65333 0913f114ee7544e2c36b3c1306b3cacd installed
perl-Time-Local-2:1.300-7.el9.noarch 1652267583 67344 1ceb12a5fab9494f14aeeae4f98974f8 installed
perl-IO-Socket-IP-0.41-5.el9.noarch 1652267587 100240 e15309272bc8233c371974031d4038f4 installed
perl-IO-Socket-SSL-2.073-2.el9.noarch 1730761568 616300 cb9d5e58fbe6d47b52744c67b088b98c installed
perl-Mozilla-CA-20200520-6.el9.noarch 1652703889 5866 379218f96763af378c71e840443183f8 installed
perl-subs-0:1.03-481.1.el9_6.noarch 1753721386 3061 977f2c5a42f9f04cf7b0c0959df94842 installed
perl-Term-Cap-1.17-460.el9.noarch 1652703890 29851 1907857c90d2b95a426abf39cf156412 installed
perl-Term-ANSIColor-5.01-461.el9.noarch 1652704129 100303 6269583276d0a928ad3fca3fe17a56ea installed
perl-POSIX-0:1.94-481.1.el9_6.x86_64 1753721386 240028 b0ff90ba4108a40c7242242b8e60daf8 installed
perl-Class-Struct-0:0.66-481.1.el9_6.noarch 1753721386 26954 3202ccab5e6c6b0db803a7842e6b83f5 installed
perl-IPC-Open3-0:1.21-481.1.el9_6.noarch 1753721386 25047 bf64fe9fd2a4ef3945b15240d570bfd3 installed
perl-Pod-Simple-1:3.42-4.el9.noarch 1652267663 577293 82d3854aa1de3ebb86a9312a6340e90f installed
perl-File-Temp-1:0.231.100-4.el9.noarch 1652801313 166550 f59e524679a0053d68e5543e8e7e314f installed
perl-HTTP-Tiny-0.076-462.el9.noarch 1713427031 150675 c0d71e59cd5878a35fb4e106c7f2a7b7 installed
perl-Socket-4:2.031-4.el9.x86_64 1653563160 124985 249702354e9054c64a9e9e44c213ec96 installed
perl-Symbol-0:1.08-481.1.el9_6.noarch 1753721386 7848 a945d62472a270e999af3dc901779584 installed
perl-SelectSaver-0:1.02-481.1.el9_6.noarch 1753721386 3171 a98d550fd36618409ba5dd24196a1527 installed
perl-File-stat-0:1.09-481.1.el9_6.noarch 1753721386 13950 5b79bd7181b0a897d60b6e38b47ee79d installed
perl-podlators-1:4.14-460.el9.noarch 1652703807 288742 75c523a2efcbe66c05f7ab55f9c528a8 installed
perl-Pod-Perldoc-3.28.01-461.el9.noarch 1652267564 170960 83cda205537bd2ad32547af109e20f11 installed
perl-Fcntl-0:1.13-481.1.el9_6.x86_64 1753721386 30125 b71b4e94c5b6d4773921aac73a7bbbde installed
perl-overloading-0:0.02-481.1.el9_6.noarch 1753721386 5894 4b9f641f5e1352cdc8ddaafa21439118 installed
perl-Text-ParseWords-3.30-460.el9.noarch 1652267600 13101 f0cff9642d107f0207c44c00e68af130 installed
perl-IO-0:1.43-481.1.el9_6.x86_64 1753721386 163146 8cace3ce9b7aefd379cec1acd8a7e2a7 installed
perl-mro-0:1.23-481.1.el9_6.x86_64 1753721386 43476 159cfe5bc49c6df0dc698f2c6e2ca03e installed
perl-Pod-Usage-4:2.01-4.el9.noarch 1652267606 87186 98f6af2a3d64753ac904d5d9407e878e installed
perl-parent-1:0.238-460.el9.noarch 1653563243 9535 cd964be73bdf6940a87b3d0fe0476847 installed
perl-vars-0:1.05-481.1.el9_6.noarch 1753721386 4927 48d8ec93b2b169381b601ee9504284e3 installed
perl-Scalar-List-Utils-4:1.56-462.el9.x86_64 1730629655 143128 25431cd814537699d04a6bd116464a28 installed
perl-Getopt-Std-0:1.12-481.1.el9_6.noarch 1753721386 12107 60128235c0831ee80bcc79541665872d installed
perl-File-Basename-0:2.85-481.1.el9_6.noarch 1753721386 15340 6057464999c6d7b6b1a8d893d76bd38b installed
perl-MIME-Base64-3.16-4.el9.x86_64 1652703869 48153 79131d65e200b0c6e64dc18850ff8a06 installed
perl-Errno-0:1.30-481.1.el9_6.x86_64 1753721386 9536 5a282c90f78631504f5802de659b98cd installed
perl-constant-1.33-461.el9.noarch 1652703807 27104 5ce71c74c1015b01495bb65d073fe87a installed
perl-Storable-1:3.21-460.el9.x86_64 1652704072 228556 f562f7fa711e68402776f692f3add570 installed
perl-overload-0:1.31-481.1.el9_6.noarch 1753721386 72822 91186cacedc81dfe85381da01627ee4d installed
perl-Getopt-Long-1:2.52-4.el9.noarch 1652267711 139937 d27908b132dda891df7dc6951fa2c34b installed
perl-Exporter-5.74-461.el9.noarch 1652267594 55359 c01c2a31a2561b748052cc0463c35215 installed
perl-Carp-1.50-460.el9.noarch 1652703890 47889 681f4c99b5527e73056664a5218266f1 installed
perl-PathTools-3.78-461.el9.x86_64 1652704061 182542 835426614e155f37f1ffa650efe6de40 installed
perl-Encode-4:3.08-462.el9.x86_64 1652703595 10240082 cf3cbbaf60be22194fd1dae2a20da92a installed
perl-libs-4:5.32.1-481.1.el9_6.x86_64 1753721386 8953973 c071ac9e460132c8752cd07c836ab126 installed
perl-interpreter-4:5.32.1-481.1.el9_6.x86_64 1753721386 120086 776fe5177ff52565dc20c394dfd94415 installed
kernel-srpm-macros-1.0-13.el9.noarch 1697600815 16918 89f5468b101517dbed0de0f407d06061 installed
openssl-1:3.2.2-6.el9_5.1.x86_64 1739303887 2092394 9ba81c999dd2c1610dba3c3f9b35417e installed
libevent-2.1.12-8.el9_4.x86_64 1725400962 928090 d9405087fd87d67381a1f397a7e25664 installed
libdb-5.3.28-57.el9_6.x86_64 1750787857 1897918 3a7bfed326794eaffd65145bbb761c53 installed
diffutils-3.7-12.el9.x86_64 1652899808 1467877 3fbd27f737957ccf8bc68713319471db installed
json-c-0.14-11.el9.x86_64 1653563011 79034 da1e9eaa62fe800979c80a5c7b8a8d95 installed
libgomp-11.5.0-5.el9_5.x86_64 1739365842 421709 829b846e5790f65dace3cc0fd84c3b46 installed
libeconf-0.4.1-4.el9.x86_64 1730668700 45803 dde72fce8cab774393607423627cf75c installed
libpwquality-1.4.4-8.el9.x86_64 1653510445 416416 fca0191f7104f50acf34e27c0fb604a8 installed
pam-1.5.1-26.el9_6.x86_64 1756910561 1907540 b395ec5681ea90955b0d1a5e3a49de05 installed
libverto-0.3.2-3.el9.x86_64 1652703457 30381 ab20fd3e76a7e65cda2205582d56669d installed
krb5-libs-1.21.1-8.el9_6.x86_64 1750794804 2503193 423b44f3483b0a9a00eab24761ccf837 installed
cyrus-sasl-lib-2.1.27-21.el9.x86_64 1681491786 2380296 f75fe2d474957477a7aa070621dad34e installed
openldap-2.6.8-4.el9.0.1.x86_64 1746849525 1085433 d6eeb39b5a1a6617fb438717dc519ecb installed
libssh-0.10.4-13.el9.x86_64 1713763564 535899 af8d52632279c55a9d1e5a712e6533a6 installed
libcurl-7.76.1-31.el9_6.1.x86_64 1754412112 663430 596279bedf06d97b88ff724476b69d5f installed
elfutils-debuginfod-client-0.192-6.el9_6.x86_64 1750784808 81121 8afe443c1c68a33a11d97fa01d4adbbd installed
binutils-gold-2.35.2-63.el9.x86_64 1745433109 2128611 64e838a4b7c62f70bcb831d50411f28b installed
binutils-2.35.2-63.el9.x86_64 1745433109 25214934 d4b1fea09c6796f6c51bd406ed263dd0 installed
elfutils-0.192-6.el9_6.x86_64 1750784808 3068958 13cc4420745df5b52bac639293a46b05 installed
gdb-minimal-14.2-4.1.el9_6.x86_64 1750795451 13956702 5b352de9ef3f1f41aa9229c8ff0ca97f installed
debugedit-5.0-5.el9.x86_64 1713344095 193970 f5280b693929fc96afff319b687f681f installed
curl-7.76.1-31.el9_6.1.x86_64 1754412112 684521 774e555d2fc5be1605bf46b4844c8e7f installed
rpm-libs-4.16.1.3-37.el9.x86_64 1745296157 769228 1a61033755061053dc9fa530eaf7b8a9 installed
rpm-4.16.1.3-37.el9.x86_64 1745296157 2750719 bc00ef09a8787395b2cd954c99eedde8 installed
efi-srpm-macros-6-2.el9_0.noarch 1653178850 41043 54ec93ffc50a97134d68cad135ce9d80 installed
lua-srpm-macros-1-6.el9.noarch 1652484897 1314 870f5bd7a9f316ac2a42d6cda3bc6d41 installed
rpm-build-libs-4.16.1.3-37.el9.x86_64 1745296157 198558 0acba4dfa27d98178c15253001767fb0 installed
fonts-srpm-macros-1:2.0.5-7.el9.1.noarch 1652446192 56503 356003bd30cda7187d766cba0c547d8c installed
go-srpm-macros-3.6.0-10.el9_6.noarch 1747157075 62484 9a457a90fddda6e860f6d3f76fd1be5f installed
python-srpm-macros-3.9-54.el9.noarch 1730432328 37605 69d130ef9a21da361859ceeacf238881 installed
redhat-rpm-config-209-1.el9.noarch 1745273944 191566 274d48b902df9bf82a7fa59e744dea60 installed
rpm-build-4.16.1.3-37.el9.x86_64 1745296157 150015 a708bf3570f0193bec24c3e908bbe55c installed
pyproject-srpm-macros-1.16.2-1.el9.noarch 1745286807 1952 96c50e62d638304e39b582e0e3516e5d installed
util-linux-2.37.4-21.el9.x86_64 1746253717 11146950 779456314f2be000dd58203f511f5747 installed
which-2.21-30.el9_6.x86_64 1754420429 81900 0e055838636b786507f4a6c791bd7bb8 installed
libmpc-1.2.1-4.el9.x86_64 1652484974 138637 9d370c48a81c56b99bdb7c4d0aae607e installed
perl-DynaLoader-0:1.47-481.1.el9_6.x86_64 1753721386 33066 f883a1ab6d13e5bfaf68eaf4418740a7 installed
cpp-11.5.0-5.el9_5.x86_64 1739365842 30641766 037fc49984f9c96244935a8297dfe26b installed
perl-Unicode-EastAsianWidth-12.0-7.el9.noarch 1652267304 33884 4c562dcea0d98fa511e0ade52f327a8d installed
kernel-headers-5.14.0-570.49.1.el9_6.x86_64 1759499752 6457779 71b68e40b41a00d56c524605685c27bc installed
glibc-headers-2.34-168.el9_6.23.x86_64 1754349999 2175975 775889523c14617bee4decb872403957 installed
libxcrypt-devel-4.4.18-3.el9.x86_64 1653510262 31019 fda458b53a75fcd4b21c7f7e2b02e461 installed
glibc-devel-2.34-168.el9_6.23.x86_64 1754349999 47536 da56695d2e6f94374d48346b04e3aa15 installed
pcre2-utf32-10.40-6.el9.x86_64 1730814444 558912 21131d12f5bcce1856bcb82a854aa618 installed
libsepol-devel-3.6-2.el9.x86_64 1745443257 123967 c74f78e9ababc2430b1ea2df1818f208 installed
perl-Text-Unidecode-1.30-16.el9.noarch 1652267614 459829 475bd5f2de9e2c26947e2b0b947ac06b installed
perl-Unicode-Normalize-1.27-461.el9.x86_64 1652557763 660614 3e1cc23c00367d4344316adee5552cca installed
fuse3-libs-3.10.2-9.el9.x86_64 1730759815 287716 67b27b3a3bd9733781a0659d0003a01f installed
perl-locale-0:1.09-481.1.el9_6.noarch 1753721386 7339 2857be2441745f6cc530e2f446c3a118 installed
perl-libintl-perl-1.32-4.el9.x86_64 1652703955 4339543 d78ef8fb638998977a487f0377c1a8d1 installed
pcre2-utf16-10.40-6.el9.x86_64 1730814444 587664 7e34ffc51eb29e838cc846987ed0bf4c installed
pcre2-devel-10.40-6.el9.x86_64 1730814444 1980925 76bf573a8650d581b5926751772e1ec9 installed
perl-File-Copy-0:2.34-481.1.el9_6.noarch 1753721386 21088 9af1e6d4a699ae73cc0e7fd7b6681a32 installed
libseccomp-2.5.2-2.el9.x86_64 1653510345 175261 85b2a8fcac27032ba8ddd3e068a3a687 installed
npth-1.6-8.el9.x86_64 1653562966 50619 c3a66e554217e8a656d633f723b0116d installed
libksba-1.5.1-7.el9.x86_64 1730811860 394494 abb43e645efa873ccd0849caaab47692 installed
gettext-libs-0.21-8.el9.x86_64 1698301086 1023612 f423204517c7b4e9e36aae30256c382a installed
kmod-libs-28-10.el9.x86_64 1730910976 134014 0f7cced08e56b04c6fdd4c74ba51d0fc installed
acl-2.3.1-4.el9.x86_64 1712682705 212535 e5ffc526800fc1ddd4b3e61c9a3f3048 installed
systemd-rpm-macros-252-51.el9_6.2.noarch 1758041662 10405 c6fb1a67b583b180d21115bef6e2cc98 installed
libassuan-2.5.5-3.el9.x86_64 1652704070 171165 6e86fcb3b1dd280f56f5d35b53a97984 installed
make-1:4.3-8.el9.x86_64 1713688249 1719814 8cb0facf22181efda18b2ad4f29ce8a2 installed
gcc-11.5.0-5.el9_5.x86_64 1739365842 89844785 8c4f549bc4eb8baec3d8d59e7361214e installed
expat-2.5.0-5.el9_6.x86_64 1747164043 309138 183c54f353878db49ab064d2bcc77fb2 installed
systemd-pam-252-51.el9_6.2.x86_64 1758041651 522475 8fae4a2b1d9183ea7cb9b81fc2f560d2 installed
dbus-1:1.12.20-8.el9.x86_64 1698743024 0 947c1e48cfc869c3dd317e3713324e4d installed
systemd-252-51.el9_6.2.x86_64 1758041651 12852875 6fadc679da3d8330f264536c56ec97cb installed
dbus-common-1:1.12.20-8.el9.noarch 1698743008 11394 d786da87871c5a3b8c947939d0753e4a installed
dbus-broker-28-7.el9.x86_64 1667341762 393994 4fae4c80fdf61bf748ad9d76baa31ea6 installed
libedit-3.1-38.20210216cvs.el9.x86_64 1698867426 251839 82d03f76417695578b5140e36da31fb2 installed
llvm-libs-19.1.7-1.el9.x86_64 1745351889 230749545 e6bd9109d43de48afb42b91148f5b412 installed
nettle-3.10.1-1.el9.x86_64 1746405281 1169552 6c541f10cb01f5eedfa81a98e882c75f installed
gnutls-3.8.3-6.el9_6.2.x86_64 1758601478 3456693 ceaeb98bca2562ea186d4e47c640f70d installed
gnupg2-2.3.3-4.el9.x86_64 1698482416 9227525 e5610445278e079caf5c6c29a8190607 installed
annobin-12.92-1.el9.x86_64 1745424482 1204484 dd5e4bd8c24fa9170138cc533b377203 installed
gcc-plugin-annobin-11.5.0-5.el9_5.x86_64 1739365842 57754 4a86ec1d8e606797736aa8aeb212c7e5 installed
gettext-0.21-8.el9.x86_64 1698301086 5278479 75cf8d3eaa0982bcc21cbbce4b2369fb installed
texinfo-6.7-15.el9.x86_64 1652703914 4450209 fb68856aa426846ebc32c039c560378c installed
libselinux-devel-3.6-3.el9.x86_64 1745448387 129137 b6904c5cc3271632155dc83bd985610b installed
fuse3-devel-3.10.2-9.el9.x86_64 1730759815 154461 12a4b7915b7a89104cda14244549f5e7 installed
multilib-rpm-config-1-19.el9.noarch 1652712455 28808 a37e4ef8068fce9800bff5304593d504 installed
libblkid-devel-2.37.4-21.el9.x86_64 1746253717 18206 ec7f3df717156137e8db3011abcf3098 installed
libuuid-devel-2.37.4-21.el9.x86_64 1746253717 13832 6f0d326a5d736e9c7ddd40aa3c1e94ac installed
